<?xml version="1.0" encoding="UTF-8"?>
<!-- Generated by org.testng.reporters.JUnitReportReporter -->
<testsuite skipped="0" hostname="LAPTOP-AIEBTFTE" name="com.backbase.ui.tests.ArticlesSmokeTest" tests="5" failures="0" timestamp="04 Jul 2021 20:41:28 GMT" time="12.357" errors="0">
  <testcase name="test005_logout" time="0.483" classname="com.backbase.ui.tests.ArticlesSmokeTest"/>
  <testcase name="test002_articleCreationAndVerification" time="2.212" classname="com.backbase.ui.tests.ArticlesSmokeTest"/>
  <testcase name="test001_login" time="6.640" classname="com.backbase.ui.tests.ArticlesSmokeTest"/>
  <testcase name="test003_updateNewleyCreatedArticle" time="2.442" classname="com.backbase.ui.tests.ArticlesSmokeTest"/>
  <testcase name="test004_deleteNewleyCreatedArticle" time="0.580" classname="com.backbase.ui.tests.ArticlesSmokeTest"/>
</testsuite> <!-- com.backbase.ui.tests.ArticlesSmokeTest -->
